2021-08-25 02:24:16,627 INFO [main] c.s.c.CommunityApplicationTests [StartupInfoLogger.java:55] Starting CommunityApplicationTests using Java 1.8.0_291 on DESKTOP-KLE4FCH with PID 8976 (started by songpeng in C:\Users\songpeng\Downloads\community)
2021-08-25 02:24:16,662 INFO [main] c.s.c.CommunityApplicationTests [SpringApplication.java:659] No active profile set, falling back to default profiles: default
2021-08-25 02:24:17,280 INFO [main] o.s.d.r.c.RepositoryConfigurationDelegate [RepositoryConfigurationDelegate.java:262] Multiple Spring Data modules found, entering strict repository configuration mode!
2021-08-25 02:24:17,283 INFO [main] o.s.d.r.c.RepositoryConfigurationDelegate [RepositoryConfigurationDelegate.java:132] Bootstrapping Spring Data Redis repositories in DEFAULT mode.
2021-08-25 02:24:17,311 INFO [main] o.s.d.r.c.RepositoryConfigurationDelegate [RepositoryConfigurationDelegate.java:201] Finished Spring Data repository scanning in 14 ms. Found 0 Redis repository interfaces.
2021-08-25 02:24:19,231 INFO [main] o.s.b.a.w.s.WelcomePageHandlerMapping [WelcomePageHandlerMapping.java:57] Adding welcome page template: index
2021-08-25 02:24:19,612 INFO [main] c.s.c.CommunityApplicationTests [StartupInfoLogger.java:61] Started CommunityApplicationTests in 3.271 seconds (JVM running for 4.08)
2021-08-25 02:24:19,785 INFO [main] o.s.t.c.s.AbstractContextLoader [AbstractContextLoader.java:264] Could not detect default resource locations for test class [com.songpeng.community.LoggerTest]: no resource found for suffixes {-context.xml, Context.groovy}.
2021-08-25 02:24:19,788 INFO [main] o.s.b.t.c.SpringBootTestContextBootstrapper [AbstractTestContextBootstrapper.java:245] Loaded default TestExecutionListener class names from location [META-INF/spring.factories]: [org.springframework.boot.test.mock.mockito.MockitoTestExecutionListener, org.springframework.boot.test.mock.mockito.ResetMocksTestExecutionListener, org.springframework.boot.test.autoconfigure.restdocs.RestDocsTestExecutionListener, org.springframework.boot.test.autoconfigure.web.client.MockRestServiceServerResetTestExecutionListener, org.springframework.boot.test.autoconfigure.web.servlet.MockMvcPrintOnlyOnFailureTestExecutionListener, org.springframework.boot.test.autoconfigure.web.servlet.WebDriverTestExecutionListener, org.springframework.boot.test.autoconfigure.webservices.client.MockWebServiceServerTestExecutionListener, org.springframework.test.context.web.ServletTestExecutionListener, org.springframework.test.context.support.DirtiesContextBeforeModesTestExecutionListener, org.springframework.test.context.event.ApplicationEventsTestExecutionListener, org.springframework.test.context.support.DependencyInjectionTestExecutionListener, org.springframework.test.context.support.DirtiesContextTestExecutionListener, org.springframework.test.context.transaction.TransactionalTestExecutionListener, org.springframework.test.context.jdbc.SqlScriptsTestExecutionListener, org.springframework.test.context.event.EventPublishingTestExecutionListener]
2021-08-25 02:24:19,788 INFO [main] o.s.b.t.c.SpringBootTestContextBootstrapper [AbstractTestContextBootstrapper.java:174] Using TestExecutionListeners: [org.springframework.test.context.web.ServletTestExecutionListener@f017dd0, org.springframework.test.context.support.DirtiesContextBeforeModesTestExecutionListener@2424cb9d, org.springframework.test.context.event.ApplicationEventsTestExecutionListener@7f51f588, org.springframework.boot.test.mock.mockito.MockitoTestExecutionListener@6fb22ae3, org.springframework.boot.test.autoconfigure.SpringBootDependencyInjectionTestExecutionListener@6bd92538, org.springframework.test.context.support.DirtiesContextTestExecutionListener@69a373fd, org.springframework.test.context.transaction.TransactionalTestExecutionListener@19ae36f4, org.springframework.test.context.jdbc.SqlScriptsTestExecutionListener@6735f210, org.springframework.test.context.event.EventPublishingTestExecutionListener@4567fb2b, org.springframework.boot.test.mock.mockito.ResetMocksTestExecutionListener@372954e1, org.springframework.boot.test.autoconfigure.restdocs.RestDocsTestExecutionListener@5fd8dd66, org.springframework.boot.test.autoconfigure.web.client.MockRestServiceServerResetTestExecutionListener@173511ff, org.springframework.boot.test.autoconfigure.web.servlet.MockMvcPrintOnlyOnFailureTestExecutionListener@6df11e91, org.springframework.boot.test.autoconfigure.web.servlet.WebDriverTestExecutionListener@1002d192, org.springframework.boot.test.autoconfigure.webservices.client.MockWebServiceServerTestExecutionListener@9281d19]
2021-08-25 02:24:19,792 INFO [main] c.s.c.LoggerTest [LoggerTest.java:19] info log
2021-08-25 02:24:19,804 INFO [main] o.s.t.c.s.AbstractContextLoader [AbstractContextLoader.java:264] Could not detect default resource locations for test class [com.songpeng.community.RedisTest]: no resource found for suffixes {-context.xml, Context.groovy}.
2021-08-25 02:24:19,807 INFO [main] o.s.b.t.c.SpringBootTestContextBootstrapper [AbstractTestContextBootstrapper.java:245] Loaded default TestExecutionListener class names from location [META-INF/spring.factories]: [org.springframework.boot.test.mock.mockito.MockitoTestExecutionListener, org.springframework.boot.test.mock.mockito.ResetMocksTestExecutionListener, org.springframework.boot.test.autoconfigure.restdocs.RestDocsTestExecutionListener, org.springframework.boot.test.autoconfigure.web.client.MockRestServiceServerResetTestExecutionListener, org.springframework.boot.test.autoconfigure.web.servlet.MockMvcPrintOnlyOnFailureTestExecutionListener, org.springframework.boot.test.autoconfigure.web.servlet.WebDriverTestExecutionListener, org.springframework.boot.test.autoconfigure.webservices.client.MockWebServiceServerTestExecutionListener, org.springframework.test.context.web.ServletTestExecutionListener, org.springframework.test.context.support.DirtiesContextBeforeModesTestExecutionListener, org.springframework.test.context.event.ApplicationEventsTestExecutionListener, org.springframework.test.context.support.DependencyInjectionTestExecutionListener, org.springframework.test.context.support.DirtiesContextTestExecutionListener, org.springframework.test.context.transaction.TransactionalTestExecutionListener, org.springframework.test.context.jdbc.SqlScriptsTestExecutionListener, org.springframework.test.context.event.EventPublishingTestExecutionListener]
2021-08-25 02:24:19,808 INFO [main] o.s.b.t.c.SpringBootTestContextBootstrapper [AbstractTestContextBootstrapper.java:174] Using TestExecutionListeners: [org.springframework.test.context.web.ServletTestExecutionListener@216f01, org.springframework.test.context.support.DirtiesContextBeforeModesTestExecutionListener@7c901203, org.springframework.test.context.event.ApplicationEventsTestExecutionListener@1e721583, org.springframework.boot.test.mock.mockito.MockitoTestExecutionListener@79f5a6ed, org.springframework.boot.test.autoconfigure.SpringBootDependencyInjectionTestExecutionListener@722787b5, org.springframework.test.context.support.DirtiesContextTestExecutionListener@edb83f8, org.springframework.test.context.transaction.TransactionalTestExecutionListener@8b41ad, org.springframework.test.context.jdbc.SqlScriptsTestExecutionListener@541d4d9f, org.springframework.test.context.event.EventPublishingTestExecutionListener@1a497286, org.springframework.boot.test.mock.mockito.ResetMocksTestExecutionListener@48dff674, org.springframework.boot.test.autoconfigure.restdocs.RestDocsTestExecutionListener@120350eb, org.springframework.boot.test.autoconfigure.web.client.MockRestServiceServerResetTestExecutionListener@2ccc9681, org.springframework.boot.test.autoconfigure.web.servlet.MockMvcPrintOnlyOnFailureTestExecutionListener@7d401cdc, org.springframework.boot.test.autoconfigure.web.servlet.WebDriverTestExecutionListener@4a9b3956, org.springframework.boot.test.autoconfigure.webservices.client.MockWebServiceServerTestExecutionListener@4217bce6]
2021-08-25 02:24:24,088 INFO [main] c.s.c.CommunityApplication [StartupInfoLogger.java:55] Starting CommunityApplication using Java 1.8.0_291 on DESKTOP-KLE4FCH with PID 2752 (C:\Users\songpeng\Downloads\community\target\classes started by songpeng in C:\Users\songpeng\Downloads\community)
2021-08-25 02:24:24,092 INFO [main] c.s.c.CommunityApplication [SpringApplication.java:659] No active profile set, falling back to default profiles: default
2021-08-25 02:24:24,706 INFO [main] o.s.d.r.c.RepositoryConfigurationDelegate [RepositoryConfigurationDelegate.java:262] Multiple Spring Data modules found, entering strict repository configuration mode!
2021-08-25 02:24:24,708 INFO [main] o.s.d.r.c.RepositoryConfigurationDelegate [RepositoryConfigurationDelegate.java:132] Bootstrapping Spring Data Redis repositories in DEFAULT mode.
2021-08-25 02:24:24,731 INFO [main] o.s.d.r.c.RepositoryConfigurationDelegate [RepositoryConfigurationDelegate.java:201] Finished Spring Data repository scanning in 12 ms. Found 0 Redis repository interfaces.
2021-08-25 02:24:25,262 INFO [main] o.s.b.w.e.t.TomcatWebServer [TomcatWebServer.java:108] Tomcat initialized with port(s): 8080 (http)
2021-08-25 02:24:25,269 INFO [main] o.a.c.h.Http11NioProtocol [DirectJDKLog.java:173] Initializing ProtocolHandler ["http-nio-8080"]
2021-08-25 02:24:25,270 INFO [main] o.a.c.c.StandardService [DirectJDKLog.java:173] Starting service [Tomcat]
2021-08-25 02:24:25,271 INFO [main] o.a.c.c.StandardEngine [DirectJDKLog.java:173] Starting Servlet engine: [Apache Tomcat/9.0.52]
2021-08-25 02:24:25,347 INFO [main] o.a.c.c.C.[.[.[/community] [DirectJDKLog.java:173] Initializing Spring embedded WebApplicationContext
2021-08-25 02:24:25,347 INFO [main] o.s.b.w.s.c.ServletWebServerApplicationContext [ServletWebServerApplicationContext.java:290] Root WebApplicationContext: initialization completed in 1215 ms
2021-08-25 02:24:26,178 INFO [main] o.s.b.a.w.s.WelcomePageHandlerMapping [WelcomePageHandlerMapping.java:57] Adding welcome page template: index
2021-08-25 02:24:26,389 INFO [main] o.a.c.h.Http11NioProtocol [DirectJDKLog.java:173] Starting ProtocolHandler ["http-nio-8080"]
2021-08-25 02:24:26,404 INFO [main] o.s.b.w.e.t.TomcatWebServer [TomcatWebServer.java:220] Tomcat started on port(s): 8080 (http) with context path '/community'
2021-08-25 02:24:26,412 INFO [main] c.s.c.CommunityApplication [StartupInfoLogger.java:61] Started CommunityApplication in 2.886 seconds (JVM running for 3.768)
2021-08-25 02:24:51,718 INFO [http-nio-8080-exec-1] o.a.c.c.C.[.[.[/community] [DirectJDKLog.java:173] Initializing Spring DispatcherServlet 'dispatcherServlet'
2021-08-25 02:24:51,719 INFO [http-nio-8080-exec-1] o.s.w.s.DispatcherServlet [FrameworkServlet.java:525] Initializing Servlet 'dispatcherServlet'
2021-08-25 02:24:51,720 INFO [http-nio-8080-exec-1] o.s.w.s.DispatcherServlet [FrameworkServlet.java:547] Completed initialization in 1 ms
2021-08-25 02:24:51,737 INFO [http-nio-8080-exec-1] c.s.c.a.ServiceLogAspect [ServiceLogAspect.java:39] 用户[0:0:0:0:0:0:0:1],在[2021-08-25 02:24:51],访问了[com.songpeng.community.service.UserService.findLoginTicket].
2021-08-25 02:24:51,753 INFO [http-nio-8080-exec-1] c.z.h.HikariDataSource [HikariDataSource.java:110] HikariPool-1 - Starting...
2021-08-25 02:24:51,922 INFO [http-nio-8080-exec-1] c.z.h.HikariDataSource [HikariDataSource.java:123] HikariPool-1 - Start completed.
2021-08-25 02:24:51,999 INFO [http-nio-8080-exec-1] c.s.c.a.ServiceLogAspect [ServiceLogAspect.java:39] 用户[0:0:0:0:0:0:0:1],在[2021-08-25 02:24:51],访问了[com.songpeng.community.service.UserService.findUserById].
2021-08-25 02:24:52,025 INFO [http-nio-8080-exec-1] c.s.c.a.ServiceLogAspect [ServiceLogAspect.java:39] 用户[0:0:0:0:0:0:0:1],在[2021-08-25 02:24:52],访问了[com.songpeng.community.service.DiscussPostService.findDiscussPostById].
2021-08-25 02:24:52,031 INFO [http-nio-8080-exec-1] c.s.c.a.ServiceLogAspect [ServiceLogAspect.java:39] 用户[0:0:0:0:0:0:0:1],在[2021-08-25 02:24:52],访问了[com.songpeng.community.service.UserService.findUserById].
2021-08-25 02:24:52,036 INFO [http-nio-8080-exec-1] c.s.c.a.ServiceLogAspect [ServiceLogAspect.java:39] 用户[0:0:0:0:0:0:0:1],在[2021-08-25 02:24:52],访问了[com.songpeng.community.service.LikeService.findEntityLikeCount].
2021-08-25 02:24:52,495 INFO [http-nio-8080-exec-1] c.s.c.a.ServiceLogAspect [ServiceLogAspect.java:39] 用户[0:0:0:0:0:0:0:1],在[2021-08-25 02:24:52],访问了[com.songpeng.community.service.LikeService.findEntityLikeStatus].
2021-08-25 02:24:52,510 INFO [http-nio-8080-exec-1] c.s.c.a.ServiceLogAspect [ServiceLogAspect.java:39] 用户[0:0:0:0:0:0:0:1],在[2021-08-25 02:24:52],访问了[com.songpeng.community.service.CommentService.findCommentsByEntity].
2021-08-25 02:24:52,518 INFO [http-nio-8080-exec-1] c.s.c.a.ServiceLogAspect [ServiceLogAspect.java:39] 用户[0:0:0:0:0:0:0:1],在[2021-08-25 02:24:52],访问了[com.songpeng.community.service.UserService.findUserById].
2021-08-25 02:24:52,520 INFO [http-nio-8080-exec-1] c.s.c.a.ServiceLogAspect [ServiceLogAspect.java:39] 用户[0:0:0:0:0:0:0:1],在[2021-08-25 02:24:52],访问了[com.songpeng.community.service.LikeService.findEntityLikeCount].
2021-08-25 02:24:52,522 INFO [http-nio-8080-exec-1] c.s.c.a.ServiceLogAspect [ServiceLogAspect.java:39] 用户[0:0:0:0:0:0:0:1],在[2021-08-25 02:24:52],访问了[com.songpeng.community.service.LikeService.findEntityLikeStatus].
2021-08-25 02:24:52,523 INFO [http-nio-8080-exec-1] c.s.c.a.ServiceLogAspect [ServiceLogAspect.java:39] 用户[0:0:0:0:0:0:0:1],在[2021-08-25 02:24:52],访问了[com.songpeng.community.service.CommentService.findCommentsByEntity].
2021-08-25 02:24:52,526 INFO [http-nio-8080-exec-1] c.s.c.a.ServiceLogAspect [ServiceLogAspect.java:39] 用户[0:0:0:0:0:0:0:1],在[2021-08-25 02:24:52],访问了[com.songpeng.community.service.UserService.findUserById].
2021-08-25 02:24:52,528 INFO [http-nio-8080-exec-1] c.s.c.a.ServiceLogAspect [ServiceLogAspect.java:39] 用户[0:0:0:0:0:0:0:1],在[2021-08-25 02:24:52],访问了[com.songpeng.community.service.LikeService.findEntityLikeCount].
2021-08-25 02:24:52,529 INFO [http-nio-8080-exec-1] c.s.c.a.ServiceLogAspect [ServiceLogAspect.java:39] 用户[0:0:0:0:0:0:0:1],在[2021-08-25 02:24:52],访问了[com.songpeng.community.service.LikeService.findEntityLikeStatus].
2021-08-25 02:24:52,530 INFO [http-nio-8080-exec-1] c.s.c.a.ServiceLogAspect [ServiceLogAspect.java:39] 用户[0:0:0:0:0:0:0:1],在[2021-08-25 02:24:52],访问了[com.songpeng.community.service.UserService.findUserById].
2021-08-25 02:24:52,533 INFO [http-nio-8080-exec-1] c.s.c.a.ServiceLogAspect [ServiceLogAspect.java:39] 用户[0:0:0:0:0:0:0:1],在[2021-08-25 02:24:52],访问了[com.songpeng.community.service.LikeService.findEntityLikeCount].
2021-08-25 02:24:52,535 INFO [http-nio-8080-exec-1] c.s.c.a.ServiceLogAspect [ServiceLogAspect.java:39] 用户[0:0:0:0:0:0:0:1],在[2021-08-25 02:24:52],访问了[com.songpeng.community.service.LikeService.findEntityLikeStatus].
2021-08-25 02:24:52,537 INFO [http-nio-8080-exec-1] c.s.c.a.ServiceLogAspect [ServiceLogAspect.java:39] 用户[0:0:0:0:0:0:0:1],在[2021-08-25 02:24:52],访问了[com.songpeng.community.service.UserService.findUserById].
2021-08-25 02:24:52,539 INFO [http-nio-8080-exec-1] c.s.c.a.ServiceLogAspect [ServiceLogAspect.java:39] 用户[0:0:0:0:0:0:0:1],在[2021-08-25 02:24:52],访问了[com.songpeng.community.service.LikeService.findEntityLikeCount].
2021-08-25 02:24:52,541 INFO [http-nio-8080-exec-1] c.s.c.a.ServiceLogAspect [ServiceLogAspect.java:39] 用户[0:0:0:0:0:0:0:1],在[2021-08-25 02:24:52],访问了[com.songpeng.community.service.LikeService.findEntityLikeStatus].
2021-08-25 02:24:52,543 INFO [http-nio-8080-exec-1] c.s.c.a.ServiceLogAspect [ServiceLogAspect.java:39] 用户[0:0:0:0:0:0:0:1],在[2021-08-25 02:24:52],访问了[com.songpeng.community.service.UserService.findUserById].
2021-08-25 02:24:52,545 INFO [http-nio-8080-exec-1] c.s.c.a.ServiceLogAspect [ServiceLogAspect.java:39] 用户[0:0:0:0:0:0:0:1],在[2021-08-25 02:24:52],访问了[com.songpeng.community.service.LikeService.findEntityLikeCount].
2021-08-25 02:24:52,547 INFO [http-nio-8080-exec-1] c.s.c.a.ServiceLogAspect [ServiceLogAspect.java:39] 用户[0:0:0:0:0:0:0:1],在[2021-08-25 02:24:52],访问了[com.songpeng.community.service.LikeService.findEntityLikeStatus].
2021-08-25 02:24:52,548 INFO [http-nio-8080-exec-1] c.s.c.a.ServiceLogAspect [ServiceLogAspect.java:39] 用户[0:0:0:0:0:0:0:1],在[2021-08-25 02:24:52],访问了[com.songpeng.community.service.CommentService.findCommentCount].
2021-08-25 02:24:52,552 INFO [http-nio-8080-exec-1] c.s.c.a.ServiceLogAspect [ServiceLogAspect.java:39] 用户[0:0:0:0:0:0:0:1],在[2021-08-25 02:24:52],访问了[com.songpeng.community.service.UserService.findUserById].
2021-08-25 02:24:52,554 INFO [http-nio-8080-exec-1] c.s.c.a.ServiceLogAspect [ServiceLogAspect.java:39] 用户[0:0:0:0:0:0:0:1],在[2021-08-25 02:24:52],访问了[com.songpeng.community.service.LikeService.findEntityLikeCount].
2021-08-25 02:24:52,556 INFO [http-nio-8080-exec-1] c.s.c.a.ServiceLogAspect [ServiceLogAspect.java:39] 用户[0:0:0:0:0:0:0:1],在[2021-08-25 02:24:52],访问了[com.songpeng.community.service.LikeService.findEntityLikeStatus].
2021-08-25 02:24:52,557 INFO [http-nio-8080-exec-1] c.s.c.a.ServiceLogAspect [ServiceLogAspect.java:39] 用户[0:0:0:0:0:0:0:1],在[2021-08-25 02:24:52],访问了[com.songpeng.community.service.CommentService.findCommentsByEntity].
2021-08-25 02:24:52,559 INFO [http-nio-8080-exec-1] c.s.c.a.ServiceLogAspect [ServiceLogAspect.java:39] 用户[0:0:0:0:0:0:0:1],在[2021-08-25 02:24:52],访问了[com.songpeng.community.service.CommentService.findCommentCount].
2021-08-25 02:24:52,561 INFO [http-nio-8080-exec-1] c.s.c.a.ServiceLogAspect [ServiceLogAspect.java:39] 用户[0:0:0:0:0:0:0:1],在[2021-08-25 02:24:52],访问了[com.songpeng.community.service.UserService.findUserById].
2021-08-25 02:24:52,566 INFO [http-nio-8080-exec-1] c.s.c.a.ServiceLogAspect [ServiceLogAspect.java:39] 用户[0:0:0:0:0:0:0:1],在[2021-08-25 02:24:52],访问了[com.songpeng.community.service.LikeService.findEntityLikeCount].
2021-08-25 02:24:52,567 INFO [http-nio-8080-exec-1] c.s.c.a.ServiceLogAspect [ServiceLogAspect.java:39] 用户[0:0:0:0:0:0:0:1],在[2021-08-25 02:24:52],访问了[com.songpeng.community.service.LikeService.findEntityLikeStatus].
2021-08-25 02:24:52,568 INFO [http-nio-8080-exec-1] c.s.c.a.ServiceLogAspect [ServiceLogAspect.java:39] 用户[0:0:0:0:0:0:0:1],在[2021-08-25 02:24:52],访问了[com.songpeng.community.service.CommentService.findCommentsByEntity].
2021-08-25 02:24:52,570 INFO [http-nio-8080-exec-1] c.s.c.a.ServiceLogAspect [ServiceLogAspect.java:39] 用户[0:0:0:0:0:0:0:1],在[2021-08-25 02:24:52],访问了[com.songpeng.community.service.CommentService.findCommentCount].
2021-08-25 02:24:52,572 INFO [http-nio-8080-exec-1] c.s.c.a.ServiceLogAspect [ServiceLogAspect.java:39] 用户[0:0:0:0:0:0:0:1],在[2021-08-25 02:24:52],访问了[com.songpeng.community.service.UserService.findUserById].
2021-08-25 02:24:52,574 INFO [http-nio-8080-exec-1] c.s.c.a.ServiceLogAspect [ServiceLogAspect.java:39] 用户[0:0:0:0:0:0:0:1],在[2021-08-25 02:24:52],访问了[com.songpeng.community.service.LikeService.findEntityLikeCount].
2021-08-25 02:24:52,575 INFO [http-nio-8080-exec-1] c.s.c.a.ServiceLogAspect [ServiceLogAspect.java:39] 用户[0:0:0:0:0:0:0:1],在[2021-08-25 02:24:52],访问了[com.songpeng.community.service.LikeService.findEntityLikeStatus].
2021-08-25 02:24:52,576 INFO [http-nio-8080-exec-1] c.s.c.a.ServiceLogAspect [ServiceLogAspect.java:39] 用户[0:0:0:0:0:0:0:1],在[2021-08-25 02:24:52],访问了[com.songpeng.community.service.CommentService.findCommentsByEntity].
2021-08-25 02:24:52,578 INFO [http-nio-8080-exec-1] c.s.c.a.ServiceLogAspect [ServiceLogAspect.java:39] 用户[0:0:0:0:0:0:0:1],在[2021-08-25 02:24:52],访问了[com.songpeng.community.service.CommentService.findCommentCount].
2021-08-25 02:24:52,580 INFO [http-nio-8080-exec-1] c.s.c.a.ServiceLogAspect [ServiceLogAspect.java:39] 用户[0:0:0:0:0:0:0:1],在[2021-08-25 02:24:52],访问了[com.songpeng.community.service.UserService.findUserById].
2021-08-25 02:24:52,583 INFO [http-nio-8080-exec-1] c.s.c.a.ServiceLogAspect [ServiceLogAspect.java:39] 用户[0:0:0:0:0:0:0:1],在[2021-08-25 02:24:52],访问了[com.songpeng.community.service.LikeService.findEntityLikeCount].
2021-08-25 02:24:52,585 INFO [http-nio-8080-exec-1] c.s.c.a.ServiceLogAspect [ServiceLogAspect.java:39] 用户[0:0:0:0:0:0:0:1],在[2021-08-25 02:24:52],访问了[com.songpeng.community.service.LikeService.findEntityLikeStatus].
2021-08-25 02:24:52,586 INFO [http-nio-8080-exec-1] c.s.c.a.ServiceLogAspect [ServiceLogAspect.java:39] 用户[0:0:0:0:0:0:0:1],在[2021-08-25 02:24:52],访问了[com.songpeng.community.service.CommentService.findCommentsByEntity].
2021-08-25 02:24:52,588 INFO [http-nio-8080-exec-1] c.s.c.a.ServiceLogAspect [ServiceLogAspect.java:39] 用户[0:0:0:0:0:0:0:1],在[2021-08-25 02:24:52],访问了[com.songpeng.community.service.CommentService.findCommentCount].
2021-08-25 02:25:05,117 INFO [http-nio-8080-exec-8] c.s.c.a.ServiceLogAspect [ServiceLogAspect.java:39] 用户[0:0:0:0:0:0:0:1],在[2021-08-25 02:25:05],访问了[com.songpeng.community.service.UserService.findLoginTicket].
2021-08-25 02:25:05,121 INFO [http-nio-8080-exec-8] c.s.c.a.ServiceLogAspect [ServiceLogAspect.java:39] 用户[0:0:0:0:0:0:0:1],在[2021-08-25 02:25:05],访问了[com.songpeng.community.service.UserService.findUserById].
2021-08-25 02:25:05,123 INFO [http-nio-8080-exec-8] c.s.c.a.ServiceLogAspect [ServiceLogAspect.java:39] 用户[0:0:0:0:0:0:0:1],在[2021-08-25 02:25:05],访问了[com.songpeng.community.service.UserService.logout].
2021-08-25 02:25:05,156 INFO [http-nio-8080-exec-9] c.s.c.a.ServiceLogAspect [ServiceLogAspect.java:39] 用户[0:0:0:0:0:0:0:1],在[2021-08-25 02:25:05],访问了[com.songpeng.community.service.UserService.findLoginTicket].
2021-08-25 02:25:05,218 INFO [http-nio-8080-exec-10] c.s.c.a.ServiceLogAspect [ServiceLogAspect.java:39] 用户[0:0:0:0:0:0:0:1],在[2021-08-25 02:25:05],访问了[com.songpeng.community.service.UserService.findLoginTicket].
2021-08-25 02:25:16,815 INFO [http-nio-8080-exec-1] c.s.c.a.ServiceLogAspect [ServiceLogAspect.java:39] 用户[0:0:0:0:0:0:0:1],在[2021-08-25 02:25:16],访问了[com.songpeng.community.service.UserService.findLoginTicket].
2021-08-25 02:26:06,888 INFO [http-nio-8080-exec-1] c.s.c.a.ServiceLogAspect [ServiceLogAspect.java:39] 用户[0:0:0:0:0:0:0:1],在[2021-08-25 02:26:06],访问了[com.songpeng.community.service.UserService.login].
2021-08-25 02:26:41,045 INFO [http-nio-8080-exec-5] c.s.c.a.ServiceLogAspect [ServiceLogAspect.java:39] 用户[0:0:0:0:0:0:0:1],在[2021-08-25 02:26:41],访问了[com.songpeng.community.service.UserService.findLoginTicket].
2021-08-25 02:26:41,048 INFO [http-nio-8080-exec-5] c.s.c.a.ServiceLogAspect [ServiceLogAspect.java:39] 用户[0:0:0:0:0:0:0:1],在[2021-08-25 02:26:41],访问了[com.songpeng.community.service.UserService.findUserById].
2021-08-25 02:26:41,050 INFO [http-nio-8080-exec-5] c.s.c.a.ServiceLogAspect [ServiceLogAspect.java:39] 用户[0:0:0:0:0:0:0:1],在[2021-08-25 02:26:41],访问了[com.songpeng.community.service.DiscussPostService.findDiscussPostRows].
2021-08-25 02:26:41,055 INFO [http-nio-8080-exec-5] c.s.c.a.ServiceLogAspect [ServiceLogAspect.java:39] 用户[0:0:0:0:0:0:0:1],在[2021-08-25 02:26:41],访问了[com.songpeng.community.service.DiscussPostService.findDiscussPosts].
2021-08-25 02:26:41,059 INFO [http-nio-8080-exec-5] c.s.c.a.ServiceLogAspect [ServiceLogAspect.java:39] 用户[0:0:0:0:0:0:0:1],在[2021-08-25 02:26:41],访问了[com.songpeng.community.service.UserService.findUserById].
2021-08-25 02:26:41,060 INFO [http-nio-8080-exec-5] c.s.c.a.ServiceLogAspect [ServiceLogAspect.java:39] 用户[0:0:0:0:0:0:0:1],在[2021-08-25 02:26:41],访问了[com.songpeng.community.service.LikeService.findEntityLikeCount].
2021-08-25 02:26:41,062 INFO [http-nio-8080-exec-5] c.s.c.a.ServiceLogAspect [ServiceLogAspect.java:39] 用户[0:0:0:0:0:0:0:1],在[2021-08-25 02:26:41],访问了[com.songpeng.community.service.UserService.findUserById].
2021-08-25 02:26:41,065 INFO [http-nio-8080-exec-5] c.s.c.a.ServiceLogAspect [ServiceLogAspect.java:39] 用户[0:0:0:0:0:0:0:1],在[2021-08-25 02:26:41],访问了[com.songpeng.community.service.LikeService.findEntityLikeCount].
2021-08-25 02:26:41,066 INFO [http-nio-8080-exec-5] c.s.c.a.ServiceLogAspect [ServiceLogAspect.java:39] 用户[0:0:0:0:0:0:0:1],在[2021-08-25 02:26:41],访问了[com.songpeng.community.service.UserService.findUserById].
2021-08-25 02:26:41,069 INFO [http-nio-8080-exec-5] c.s.c.a.ServiceLogAspect [ServiceLogAspect.java:39] 用户[0:0:0:0:0:0:0:1],在[2021-08-25 02:26:41],访问了[com.songpeng.community.service.LikeService.findEntityLikeCount].
2021-08-25 02:26:41,071 INFO [http-nio-8080-exec-5] c.s.c.a.ServiceLogAspect [ServiceLogAspect.java:39] 用户[0:0:0:0:0:0:0:1],在[2021-08-25 02:26:41],访问了[com.songpeng.community.service.UserService.findUserById].
2021-08-25 02:26:41,073 INFO [http-nio-8080-exec-5] c.s.c.a.ServiceLogAspect [ServiceLogAspect.java:39] 用户[0:0:0:0:0:0:0:1],在[2021-08-25 02:26:41],访问了[com.songpeng.community.service.LikeService.findEntityLikeCount].
2021-08-25 02:26:41,074 INFO [http-nio-8080-exec-5] c.s.c.a.ServiceLogAspect [ServiceLogAspect.java:39] 用户[0:0:0:0:0:0:0:1],在[2021-08-25 02:26:41],访问了[com.songpeng.community.service.UserService.findUserById].
2021-08-25 02:26:41,075 INFO [http-nio-8080-exec-5] c.s.c.a.ServiceLogAspect [ServiceLogAspect.java:39] 用户[0:0:0:0:0:0:0:1],在[2021-08-25 02:26:41],访问了[com.songpeng.community.service.LikeService.findEntityLikeCount].
2021-08-25 02:26:41,077 INFO [http-nio-8080-exec-5] c.s.c.a.ServiceLogAspect [ServiceLogAspect.java:39] 用户[0:0:0:0:0:0:0:1],在[2021-08-25 02:26:41],访问了[com.songpeng.community.service.UserService.findUserById].
2021-08-25 02:26:41,078 INFO [http-nio-8080-exec-5] c.s.c.a.ServiceLogAspect [ServiceLogAspect.java:39] 用户[0:0:0:0:0:0:0:1],在[2021-08-25 02:26:41],访问了[com.songpeng.community.service.LikeService.findEntityLikeCount].
2021-08-25 02:26:41,079 INFO [http-nio-8080-exec-5] c.s.c.a.ServiceLogAspect [ServiceLogAspect.java:39] 用户[0:0:0:0:0:0:0:1],在[2021-08-25 02:26:41],访问了[com.songpeng.community.service.UserService.findUserById].
2021-08-25 02:26:41,081 INFO [http-nio-8080-exec-5] c.s.c.a.ServiceLogAspect [ServiceLogAspect.java:39] 用户[0:0:0:0:0:0:0:1],在[2021-08-25 02:26:41],访问了[com.songpeng.community.service.LikeService.findEntityLikeCount].
2021-08-25 02:26:41,081 INFO [http-nio-8080-exec-5] c.s.c.a.ServiceLogAspect [ServiceLogAspect.java:39] 用户[0:0:0:0:0:0:0:1],在[2021-08-25 02:26:41],访问了[com.songpeng.community.service.UserService.findUserById].
2021-08-25 02:26:41,083 INFO [http-nio-8080-exec-5] c.s.c.a.ServiceLogAspect [ServiceLogAspect.java:39] 用户[0:0:0:0:0:0:0:1],在[2021-08-25 02:26:41],访问了[com.songpeng.community.service.LikeService.findEntityLikeCount].
2021-08-25 02:26:41,084 INFO [http-nio-8080-exec-5] c.s.c.a.ServiceLogAspect [ServiceLogAspect.java:39] 用户[0:0:0:0:0:0:0:1],在[2021-08-25 02:26:41],访问了[com.songpeng.community.service.UserService.findUserById].
2021-08-25 02:26:41,086 INFO [http-nio-8080-exec-5] c.s.c.a.ServiceLogAspect [ServiceLogAspect.java:39] 用户[0:0:0:0:0:0:0:1],在[2021-08-25 02:26:41],访问了[com.songpeng.community.service.LikeService.findEntityLikeCount].
2021-08-25 02:26:41,087 INFO [http-nio-8080-exec-5] c.s.c.a.ServiceLogAspect [ServiceLogAspect.java:39] 用户[0:0:0:0:0:0:0:1],在[2021-08-25 02:26:41],访问了[com.songpeng.community.service.UserService.findUserById].
2021-08-25 02:26:41,090 INFO [http-nio-8080-exec-5] c.s.c.a.ServiceLogAspect [ServiceLogAspect.java:39] 用户[0:0:0:0:0:0:0:1],在[2021-08-25 02:26:41],访问了[com.songpeng.community.service.LikeService.findEntityLikeCount].
2021-08-25 02:27:59,649 INFO [http-nio-8080-exec-7] c.s.c.a.ServiceLogAspect [ServiceLogAspect.java:39] 用户[0:0:0:0:0:0:0:1],在[2021-08-25 02:27:59],访问了[com.songpeng.community.service.UserService.findLoginTicket].
2021-08-25 02:27:59,651 INFO [http-nio-8080-exec-7] c.s.c.a.ServiceLogAspect [ServiceLogAspect.java:39] 用户[0:0:0:0:0:0:0:1],在[2021-08-25 02:27:59],访问了[com.songpeng.community.service.UserService.findUserById].
2021-08-25 02:28:02,098 INFO [http-nio-8080-exec-8] c.s.c.a.ServiceLogAspect [ServiceLogAspect.java:39] 用户[0:0:0:0:0:0:0:1],在[2021-08-25 02:28:02],访问了[com.songpeng.community.service.UserService.findLoginTicket].
2021-08-25 02:28:02,101 INFO [http-nio-8080-exec-8] c.s.c.a.ServiceLogAspect [ServiceLogAspect.java:39] 用户[0:0:0:0:0:0:0:1],在[2021-08-25 02:28:02],访问了[com.songpeng.community.service.UserService.findUserById].
2021-08-25 02:28:25,179 INFO [http-nio-8080-exec-9] c.s.c.a.ServiceLogAspect [ServiceLogAspect.java:39] 用户[0:0:0:0:0:0:0:1],在[2021-08-25 02:28:25],访问了[com.songpeng.community.service.UserService.findLoginTicket].
2021-08-25 02:28:25,181 INFO [http-nio-8080-exec-9] c.s.c.a.ServiceLogAspect [ServiceLogAspect.java:39] 用户[0:0:0:0:0:0:0:1],在[2021-08-25 02:28:25],访问了[com.songpeng.community.service.UserService.findUserById].
2021-08-25 02:28:31,178 INFO [http-nio-8080-exec-9] c.s.c.a.ServiceLogAspect [ServiceLogAspect.java:39] 用户[0:0:0:0:0:0:0:1],在[2021-08-25 02:28:31],访问了[com.songpeng.community.service.UserService.login].
2021-08-25 02:28:31,196 INFO [http-nio-8080-exec-10] c.s.c.a.ServiceLogAspect [ServiceLogAspect.java:39] 用户[0:0:0:0:0:0:0:1],在[2021-08-25 02:28:31],访问了[com.songpeng.community.service.UserService.findLoginTicket].
2021-08-25 02:28:31,197 INFO [http-nio-8080-exec-10] c.s.c.a.ServiceLogAspect [ServiceLogAspect.java:39] 用户[0:0:0:0:0:0:0:1],在[2021-08-25 02:28:31],访问了[com.songpeng.community.service.UserService.findUserById].
2021-08-25 02:28:31,199 INFO [http-nio-8080-exec-10] c.s.c.a.ServiceLogAspect [ServiceLogAspect.java:39] 用户[0:0:0:0:0:0:0:1],在[2021-08-25 02:28:31],访问了[com.songpeng.community.service.DiscussPostService.findDiscussPostRows].
2021-08-25 02:28:31,201 INFO [http-nio-8080-exec-10] c.s.c.a.ServiceLogAspect [ServiceLogAspect.java:39] 用户[0:0:0:0:0:0:0:1],在[2021-08-25 02:28:31],访问了[com.songpeng.community.service.DiscussPostService.findDiscussPosts].
2021-08-25 02:28:31,207 INFO [http-nio-8080-exec-10] c.s.c.a.ServiceLogAspect [ServiceLogAspect.java:39] 用户[0:0:0:0:0:0:0:1],在[2021-08-25 02:28:31],访问了[com.songpeng.community.service.UserService.findUserById].
2021-08-25 02:28:31,209 INFO [http-nio-8080-exec-10] c.s.c.a.ServiceLogAspect [ServiceLogAspect.java:39] 用户[0:0:0:0:0:0:0:1],在[2021-08-25 02:28:31],访问了[com.songpeng.community.service.LikeService.findEntityLikeCount].
2021-08-25 02:28:31,210 INFO [http-nio-8080-exec-10] c.s.c.a.ServiceLogAspect [ServiceLogAspect.java:39] 用户[0:0:0:0:0:0:0:1],在[2021-08-25 02:28:31],访问了[com.songpeng.community.service.UserService.findUserById].
2021-08-25 02:28:31,211 INFO [http-nio-8080-exec-10] c.s.c.a.ServiceLogAspect [ServiceLogAspect.java:39] 用户[0:0:0:0:0:0:0:1],在[2021-08-25 02:28:31],访问了[com.songpeng.community.service.LikeService.findEntityLikeCount].
2021-08-25 02:28:31,212 INFO [http-nio-8080-exec-10] c.s.c.a.ServiceLogAspect [ServiceLogAspect.java:39] 用户[0:0:0:0:0:0:0:1],在[2021-08-25 02:28:31],访问了[com.songpeng.community.service.UserService.findUserById].
2021-08-25 02:28:31,213 INFO [http-nio-8080-exec-10] c.s.c.a.ServiceLogAspect [ServiceLogAspect.java:39] 用户[0:0:0:0:0:0:0:1],在[2021-08-25 02:28:31],访问了[com.songpeng.community.service.LikeService.findEntityLikeCount].
2021-08-25 02:28:31,214 INFO [http-nio-8080-exec-10] c.s.c.a.ServiceLogAspect [ServiceLogAspect.java:39] 用户[0:0:0:0:0:0:0:1],在[2021-08-25 02:28:31],访问了[com.songpeng.community.service.UserService.findUserById].
2021-08-25 02:28:31,215 INFO [http-nio-8080-exec-10] c.s.c.a.ServiceLogAspect [ServiceLogAspect.java:39] 用户[0:0:0:0:0:0:0:1],在[2021-08-25 02:28:31],访问了[com.songpeng.community.service.LikeService.findEntityLikeCount].
2021-08-25 02:28:31,216 INFO [http-nio-8080-exec-10] c.s.c.a.ServiceLogAspect [ServiceLogAspect.java:39] 用户[0:0:0:0:0:0:0:1],在[2021-08-25 02:28:31],访问了[com.songpeng.community.service.UserService.findUserById].
2021-08-25 02:28:31,217 INFO [http-nio-8080-exec-10] c.s.c.a.ServiceLogAspect [ServiceLogAspect.java:39] 用户[0:0:0:0:0:0:0:1],在[2021-08-25 02:28:31],访问了[com.songpeng.community.service.LikeService.findEntityLikeCount].
2021-08-25 02:28:31,218 INFO [http-nio-8080-exec-10] c.s.c.a.ServiceLogAspect [ServiceLogAspect.java:39] 用户[0:0:0:0:0:0:0:1],在[2021-08-25 02:28:31],访问了[com.songpeng.community.service.UserService.findUserById].
2021-08-25 02:28:31,219 INFO [http-nio-8080-exec-10] c.s.c.a.ServiceLogAspect [ServiceLogAspect.java:39] 用户[0:0:0:0:0:0:0:1],在[2021-08-25 02:28:31],访问了[com.songpeng.community.service.LikeService.findEntityLikeCount].
2021-08-25 02:28:31,220 INFO [http-nio-8080-exec-10] c.s.c.a.ServiceLogAspect [ServiceLogAspect.java:39] 用户[0:0:0:0:0:0:0:1],在[2021-08-25 02:28:31],访问了[com.songpeng.community.service.UserService.findUserById].
2021-08-25 02:28:31,222 INFO [http-nio-8080-exec-10] c.s.c.a.ServiceLogAspect [ServiceLogAspect.java:39] 用户[0:0:0:0:0:0:0:1],在[2021-08-25 02:28:31],访问了[com.songpeng.community.service.LikeService.findEntityLikeCount].
2021-08-25 02:28:31,223 INFO [http-nio-8080-exec-10] c.s.c.a.ServiceLogAspect [ServiceLogAspect.java:39] 用户[0:0:0:0:0:0:0:1],在[2021-08-25 02:28:31],访问了[com.songpeng.community.service.UserService.findUserById].
2021-08-25 02:28:31,224 INFO [http-nio-8080-exec-10] c.s.c.a.ServiceLogAspect [ServiceLogAspect.java:39] 用户[0:0:0:0:0:0:0:1],在[2021-08-25 02:28:31],访问了[com.songpeng.community.service.LikeService.findEntityLikeCount].
2021-08-25 02:28:31,225 INFO [http-nio-8080-exec-10] c.s.c.a.ServiceLogAspect [ServiceLogAspect.java:39] 用户[0:0:0:0:0:0:0:1],在[2021-08-25 02:28:31],访问了[com.songpeng.community.service.UserService.findUserById].
2021-08-25 02:28:31,227 INFO [http-nio-8080-exec-10] c.s.c.a.ServiceLogAspect [ServiceLogAspect.java:39] 用户[0:0:0:0:0:0:0:1],在[2021-08-25 02:28:31],访问了[com.songpeng.community.service.LikeService.findEntityLikeCount].
2021-08-25 02:28:31,227 INFO [http-nio-8080-exec-10] c.s.c.a.ServiceLogAspect [ServiceLogAspect.java:39] 用户[0:0:0:0:0:0:0:1],在[2021-08-25 02:28:31],访问了[com.songpeng.community.service.UserService.findUserById].
2021-08-25 02:28:31,228 INFO [http-nio-8080-exec-10] c.s.c.a.ServiceLogAspect [ServiceLogAspect.java:39] 用户[0:0:0:0:0:0:0:1],在[2021-08-25 02:28:31],访问了[com.songpeng.community.service.LikeService.findEntityLikeCount].
2021-08-25 02:31:11,780 INFO [SpringApplicationShutdownHook] c.z.h.HikariDataSource [HikariDataSource.java:350] HikariPool-1 - Shutdown initiated...
2021-08-25 02:31:11,786 INFO [SpringApplicationShutdownHook] c.z.h.HikariDataSource [HikariDataSource.java:352] HikariPool-1 - Shutdown completed.
2021-08-25 12:30:56,484 INFO [main] c.s.c.CommunityApplicationTests [StartupInfoLogger.java:55] Starting CommunityApplicationTests using Java 1.8.0_291 on DESKTOP-KLE4FCH with PID 17632 (started by songpeng in C:\Users\songpeng\Downloads\community)
2021-08-25 12:30:56,484 INFO [main] c.s.c.CommunityApplicationTests [SpringApplication.java:659] No active profile set, falling back to default profiles: default
2021-08-25 12:30:57,171 INFO [main] o.s.d.r.c.RepositoryConfigurationDelegate [RepositoryConfigurationDelegate.java:262] Multiple Spring Data modules found, entering strict repository configuration mode!
2021-08-25 12:30:57,171 INFO [main] o.s.d.r.c.RepositoryConfigurationDelegate [RepositoryConfigurationDelegate.java:132] Bootstrapping Spring Data Redis repositories in DEFAULT mode.
2021-08-25 12:30:57,218 INFO [main] o.s.d.r.c.RepositoryConfigurationDelegate [RepositoryConfigurationDelegate.java:201] Finished Spring Data repository scanning in 16 ms. Found 0 Redis repository interfaces.
2021-08-25 12:30:59,560 INFO [main] o.s.b.a.w.s.WelcomePageHandlerMapping [WelcomePageHandlerMapping.java:57] Adding welcome page template: index
2021-08-25 12:30:59,992 INFO [main] c.s.c.CommunityApplicationTests [StartupInfoLogger.java:61] Started CommunityApplicationTests in 3.858 seconds (JVM running for 4.758)
2021-08-25 12:31:00,260 INFO [main] o.s.t.c.s.AbstractContextLoader [AbstractContextLoader.java:264] Could not detect default resource locations for test class [com.songpeng.community.LoggerTest]: no resource found for suffixes {-context.xml, Context.groovy}.
2021-08-25 12:31:00,260 INFO [main] o.s.b.t.c.SpringBootTestContextBootstrapper [AbstractTestContextBootstrapper.java:245] Loaded default TestExecutionListener class names from location [META-INF/spring.factories]: [org.springframework.boot.test.mock.mockito.MockitoTestExecutionListener, org.springframework.boot.test.mock.mockito.ResetMocksTestExecutionListener, org.springframework.boot.test.autoconfigure.restdocs.RestDocsTestExecutionListener, org.springframework.boot.test.autoconfigure.web.client.MockRestServiceServerResetTestExecutionListener, org.springframework.boot.test.autoconfigure.web.servlet.MockMvcPrintOnlyOnFailureTestExecutionListener, org.springframework.boot.test.autoconfigure.web.servlet.WebDriverTestExecutionListener, org.springframework.boot.test.autoconfigure.webservices.client.MockWebServiceServerTestExecutionListener, org.springframework.test.context.web.ServletTestExecutionListener, org.springframework.test.context.support.DirtiesContextBeforeModesTestExecutionListener, org.springframework.test.context.event.ApplicationEventsTestExecutionListener, org.springframework.test.context.support.DependencyInjectionTestExecutionListener, org.springframework.test.context.support.DirtiesContextTestExecutionListener, org.springframework.test.context.transaction.TransactionalTestExecutionListener, org.springframework.test.context.jdbc.SqlScriptsTestExecutionListener, org.springframework.test.context.event.EventPublishingTestExecutionListener]
2021-08-25 12:31:00,260 INFO [main] o.s.b.t.c.SpringBootTestContextBootstrapper [AbstractTestContextBootstrapper.java:174] Using TestExecutionListeners: [org.springframework.test.context.web.ServletTestExecutionListener@61853c7e, org.springframework.test.context.support.DirtiesContextBeforeModesTestExecutionListener@32e5af53, org.springframework.test.context.event.ApplicationEventsTestExecutionListener@5980fa73, org.springframework.boot.test.mock.mockito.MockitoTestExecutionListener@13ca16bf, org.springframework.boot.test.autoconfigure.SpringBootDependencyInjectionTestExecutionListener@5be4be74, org.springframework.test.context.support.DirtiesContextTestExecutionListener@44641d6c, org.springframework.test.context.transaction.TransactionalTestExecutionListener@1ae924f1, org.springframework.test.context.jdbc.SqlScriptsTestExecutionListener@59d5a6fd, org.springframework.test.context.event.EventPublishingTestExecutionListener@27bcb4ad, org.springframework.boot.test.mock.mockito.ResetMocksTestExecutionListener@4357524b, org.springframework.boot.test.autoconfigure.restdocs.RestDocsTestExecutionListener@104a287c, org.springframework.boot.test.autoconfigure.web.client.MockRestServiceServerResetTestExecutionListener@64dc86c6, org.springframework.boot.test.autoconfigure.web.servlet.MockMvcPrintOnlyOnFailureTestExecutionListener@26874f2c, org.springframework.boot.test.autoconfigure.web.servlet.WebDriverTestExecutionListener@5f3b84bd, org.springframework.boot.test.autoconfigure.webservices.client.MockWebServiceServerTestExecutionListener@1e734eee]
2021-08-25 12:31:00,260 INFO [main] c.s.c.LoggerTest [LoggerTest.java:19] info log
2021-08-25 12:31:00,276 INFO [main] o.s.t.c.s.AbstractContextLoader [AbstractContextLoader.java:264] Could not detect default resource locations for test class [com.songpeng.community.RedisTest]: no resource found for suffixes {-context.xml, Context.groovy}.
2021-08-25 12:31:00,276 INFO [main] o.s.b.t.c.SpringBootTestContextBootstrapper [AbstractTestContextBootstrapper.java:245] Loaded default TestExecutionListener class names from location [META-INF/spring.factories]: [org.springframework.boot.test.mock.mockito.MockitoTestExecutionListener, org.springframework.boot.test.mock.mockito.ResetMocksTestExecutionListener, org.springframework.boot.test.autoconfigure.restdocs.RestDocsTestExecutionListener, org.springframework.boot.test.autoconfigure.web.client.MockRestServiceServerResetTestExecutionListener, org.springframework.boot.test.autoconfigure.web.servlet.MockMvcPrintOnlyOnFailureTestExecutionListener, org.springframework.boot.test.autoconfigure.web.servlet.WebDriverTestExecutionListener, org.springframework.boot.test.autoconfigure.webservices.client.MockWebServiceServerTestExecutionListener, org.springframework.test.context.web.ServletTestExecutionListener, org.springframework.test.context.support.DirtiesContextBeforeModesTestExecutionListener, org.springframework.test.context.event.ApplicationEventsTestExecutionListener, org.springframework.test.context.support.DependencyInjectionTestExecutionListener, org.springframework.test.context.support.DirtiesContextTestExecutionListener, org.springframework.test.context.transaction.TransactionalTestExecutionListener, org.springframework.test.context.jdbc.SqlScriptsTestExecutionListener, org.springframework.test.context.event.EventPublishingTestExecutionListener]
2021-08-25 12:31:00,276 INFO [main] o.s.b.t.c.SpringBootTestContextBootstrapper [AbstractTestContextBootstrapper.java:174] Using TestExecutionListeners: [org.springframework.test.context.web.ServletTestExecutionListener@5323999f, org.springframework.test.context.support.DirtiesContextBeforeModesTestExecutionListener@f18b738, org.springframework.test.context.event.ApplicationEventsTestExecutionListener@3bc20984, org.springframework.boot.test.mock.mockito.MockitoTestExecutionListener@aca3c85, org.springframework.boot.test.autoconfigure.SpringBootDependencyInjectionTestExecutionListener@45eab322, org.springframework.test.context.support.DirtiesContextTestExecutionListener@f017dd0, org.springframework.test.context.transaction.TransactionalTestExecutionListener@2424cb9d, org.springframework.test.context.jdbc.SqlScriptsTestExecutionListener@7f51f588, org.springframework.test.context.event.EventPublishingTestExecutionListener@6fb22ae3, org.springframework.boot.test.mock.mockito.ResetMocksTestExecutionListener@6bd92538, org.springframework.boot.test.autoconfigure.restdocs.RestDocsTestExecutionListener@69a373fd, org.springframework.boot.test.autoconfigure.web.client.MockRestServiceServerResetTestExecutionListener@19ae36f4, org.springframework.boot.test.autoconfigure.web.servlet.MockMvcPrintOnlyOnFailureTestExecutionListener@6735f210, org.springframework.boot.test.autoconfigure.web.servlet.WebDriverTestExecutionListener@4567fb2b, org.springframework.boot.test.autoconfigure.webservices.client.MockWebServiceServerTestExecutionListener@372954e1]
2021-08-25 12:31:05,669 INFO [main] c.s.c.CommunityApplication [StartupInfoLogger.java:55] Starting CommunityApplication using Java 1.8.0_291 on DESKTOP-KLE4FCH with PID 816 (C:\Users\songpeng\Downloads\community\target\classes started by songpeng in C:\Users\songpeng\Downloads\community)
2021-08-25 12:31:05,669 INFO [main] c.s.c.CommunityApplication [SpringApplication.java:659] No active profile set, falling back to default profiles: default
2021-08-25 12:31:06,247 INFO [main] o.s.d.r.c.RepositoryConfigurationDelegate [RepositoryConfigurationDelegate.java:262] Multiple Spring Data modules found, entering strict repository configuration mode!
2021-08-25 12:31:06,247 INFO [main] o.s.d.r.c.RepositoryConfigurationDelegate [RepositoryConfigurationDelegate.java:132] Bootstrapping Spring Data Redis repositories in DEFAULT mode.
2021-08-25 12:31:06,266 INFO [main] o.s.d.r.c.RepositoryConfigurationDelegate [RepositoryConfigurationDelegate.java:201] Finished Spring Data repository scanning in 13 ms. Found 0 Redis repository interfaces.
2021-08-25 12:31:06,782 INFO [main] o.s.b.w.e.t.TomcatWebServer [TomcatWebServer.java:108] Tomcat initialized with port(s): 8080 (http)
2021-08-25 12:31:06,782 INFO [main] o.a.c.h.Http11NioProtocol [DirectJDKLog.java:173] Initializing ProtocolHandler ["http-nio-8080"]
2021-08-25 12:31:06,782 INFO [main] o.a.c.c.StandardService [DirectJDKLog.java:173] Starting service [Tomcat]
2021-08-25 12:31:06,782 INFO [main] o.a.c.c.StandardEngine [DirectJDKLog.java:173] Starting Servlet engine: [Apache Tomcat/9.0.52]
2021-08-25 12:31:06,844 INFO [main] o.a.c.c.C.[.[.[/community] [DirectJDKLog.java:173] Initializing Spring embedded WebApplicationContext
2021-08-25 12:31:06,844 INFO [main] o.s.b.w.s.c.ServletWebServerApplicationContext [ServletWebServerApplicationContext.java:290] Root WebApplicationContext: initialization completed in 1144 ms
2021-08-25 12:31:07,608 INFO [main] o.s.b.a.w.s.WelcomePageHandlerMapping [WelcomePageHandlerMapping.java:57] Adding welcome page template: index
2021-08-25 12:31:07,827 INFO [main] o.a.c.h.Http11NioProtocol [DirectJDKLog.java:173] Starting ProtocolHandler ["http-nio-8080"]
2021-08-25 12:31:07,843 INFO [main] o.s.b.w.e.t.TomcatWebServer [TomcatWebServer.java:220] Tomcat started on port(s): 8080 (http) with context path '/community'
2021-08-25 12:31:07,843 INFO [main] c.s.c.CommunityApplication [StartupInfoLogger.java:61] Started CommunityApplication in 2.583 seconds (JVM running for 3.856)
2021-08-25 12:31:26,252 INFO [http-nio-8080-exec-1] o.a.c.c.C.[.[.[/community] [DirectJDKLog.java:173] Initializing Spring DispatcherServlet 'dispatcherServlet'
2021-08-25 12:31:26,252 INFO [http-nio-8080-exec-1] o.s.w.s.DispatcherServlet [FrameworkServlet.java:525] Initializing Servlet 'dispatcherServlet'
2021-08-25 12:31:26,252 INFO [http-nio-8080-exec-1] o.s.w.s.DispatcherServlet [FrameworkServlet.java:547] Completed initialization in 0 ms
2021-08-25 12:31:26,268 INFO [http-nio-8080-exec-1] c.s.c.a.ServiceLogAspect [ServiceLogAspect.java:39] 用户[0:0:0:0:0:0:0:1],在[2021-08-25 12:31:26],访问了[com.songpeng.community.service.UserService.findLoginTicket].
2021-08-25 12:31:26,283 INFO [http-nio-8080-exec-1] c.z.h.HikariDataSource [HikariDataSource.java:110] HikariPool-1 - Starting...
2021-08-25 12:31:26,471 INFO [http-nio-8080-exec-1] c.z.h.HikariDataSource [HikariDataSource.java:123] HikariPool-1 - Start completed.
2021-08-25 12:31:26,551 INFO [http-nio-8080-exec-1] c.s.c.a.ServiceLogAspect [ServiceLogAspect.java:39] 用户[0:0:0:0:0:0:0:1],在[2021-08-25 12:31:26],访问了[com.songpeng.community.service.UserService.findUserById].
2021-08-25 12:31:26,580 INFO [http-nio-8080-exec-1] c.s.c.a.ServiceLogAspect [ServiceLogAspect.java:39] 用户[0:0:0:0:0:0:0:1],在[2021-08-25 12:31:26],访问了[com.songpeng.community.service.DiscussPostService.findDiscussPostRows].
2021-08-25 12:31:26,607 INFO [http-nio-8080-exec-1] c.s.c.a.ServiceLogAspect [ServiceLogAspect.java:39] 用户[0:0:0:0:0:0:0:1],在[2021-08-25 12:31:26],访问了[com.songpeng.community.service.DiscussPostService.findDiscussPosts].
2021-08-25 12:31:26,615 INFO [http-nio-8080-exec-1] c.s.c.a.ServiceLogAspect [ServiceLogAspect.java:39] 用户[0:0:0:0:0:0:0:1],在[2021-08-25 12:31:26],访问了[com.songpeng.community.service.UserService.findUserById].
2021-08-25 12:31:26,616 INFO [http-nio-8080-exec-1] c.s.c.a.ServiceLogAspect [ServiceLogAspect.java:39] 用户[0:0:0:0:0:0:0:1],在[2021-08-25 12:31:26],访问了[com.songpeng.community.service.LikeService.findEntityLikeCount].
2021-08-25 12:31:27,190 INFO [http-nio-8080-exec-1] c.s.c.a.ServiceLogAspect [ServiceLogAspect.java:39] 用户[0:0:0:0:0:0:0:1],在[2021-08-25 12:31:27],访问了[com.songpeng.community.service.UserService.findUserById].
2021-08-25 12:31:27,192 INFO [http-nio-8080-exec-1] c.s.c.a.ServiceLogAspect [ServiceLogAspect.java:39] 用户[0:0:0:0:0:0:0:1],在[2021-08-25 12:31:27],访问了[com.songpeng.community.service.LikeService.findEntityLikeCount].
2021-08-25 12:31:27,194 INFO [http-nio-8080-exec-1] c.s.c.a.ServiceLogAspect [ServiceLogAspect.java:39] 用户[0:0:0:0:0:0:0:1],在[2021-08-25 12:31:27],访问了[com.songpeng.community.service.UserService.findUserById].
2021-08-25 12:31:27,195 INFO [http-nio-8080-exec-1] c.s.c.a.ServiceLogAspect [ServiceLogAspect.java:39] 用户[0:0:0:0:0:0:0:1],在[2021-08-25 12:31:27],访问了[com.songpeng.community.service.LikeService.findEntityLikeCount].
2021-08-25 12:31:27,197 INFO [http-nio-8080-exec-1] c.s.c.a.ServiceLogAspect [ServiceLogAspect.java:39] 用户[0:0:0:0:0:0:0:1],在[2021-08-25 12:31:27],访问了[com.songpeng.community.service.UserService.findUserById].
2021-08-25 12:31:27,199 INFO [http-nio-8080-exec-1] c.s.c.a.ServiceLogAspect [ServiceLogAspect.java:39] 用户[0:0:0:0:0:0:0:1],在[2021-08-25 12:31:27],访问了[com.songpeng.community.service.LikeService.findEntityLikeCount].
2021-08-25 12:31:27,201 INFO [http-nio-8080-exec-1] c.s.c.a.ServiceLogAspect [ServiceLogAspect.java:39] 用户[0:0:0:0:0:0:0:1],在[2021-08-25 12:31:27],访问了[com.songpeng.community.service.UserService.findUserById].
2021-08-25 12:31:27,202 INFO [http-nio-8080-exec-1] c.s.c.a.ServiceLogAspect [ServiceLogAspect.java:39] 用户[0:0:0:0:0:0:0:1],在[2021-08-25 12:31:27],访问了[com.songpeng.community.service.LikeService.findEntityLikeCount].
2021-08-25 12:31:27,203 INFO [http-nio-8080-exec-1] c.s.c.a.ServiceLogAspect [ServiceLogAspect.java:39] 用户[0:0:0:0:0:0:0:1],在[2021-08-25 12:31:27],访问了[com.songpeng.community.service.UserService.findUserById].
2021-08-25 12:31:27,205 INFO [http-nio-8080-exec-1] c.s.c.a.ServiceLogAspect [ServiceLogAspect.java:39] 用户[0:0:0:0:0:0:0:1],在[2021-08-25 12:31:27],访问了[com.songpeng.community.service.LikeService.findEntityLikeCount].
2021-08-25 12:31:27,206 INFO [http-nio-8080-exec-1] c.s.c.a.ServiceLogAspect [ServiceLogAspect.java:39] 用户[0:0:0:0:0:0:0:1],在[2021-08-25 12:31:27],访问了[com.songpeng.community.service.UserService.findUserById].
2021-08-25 12:31:27,208 INFO [http-nio-8080-exec-1] c.s.c.a.ServiceLogAspect [ServiceLogAspect.java:39] 用户[0:0:0:0:0:0:0:1],在[2021-08-25 12:31:27],访问了[com.songpeng.community.service.LikeService.findEntityLikeCount].
2021-08-25 12:31:27,211 INFO [http-nio-8080-exec-1] c.s.c.a.ServiceLogAspect [ServiceLogAspect.java:39] 用户[0:0:0:0:0:0:0:1],在[2021-08-25 12:31:27],访问了[com.songpeng.community.service.UserService.findUserById].
2021-08-25 12:31:27,212 INFO [http-nio-8080-exec-1] c.s.c.a.ServiceLogAspect [ServiceLogAspect.java:39] 用户[0:0:0:0:0:0:0:1],在[2021-08-25 12:31:27],访问了[com.songpeng.community.service.LikeService.findEntityLikeCount].
2021-08-25 12:31:27,215 INFO [http-nio-8080-exec-1] c.s.c.a.ServiceLogAspect [ServiceLogAspect.java:39] 用户[0:0:0:0:0:0:0:1],在[2021-08-25 12:31:27],访问了[com.songpeng.community.service.UserService.findUserById].
2021-08-25 12:31:27,216 INFO [http-nio-8080-exec-1] c.s.c.a.ServiceLogAspect [ServiceLogAspect.java:39] 用户[0:0:0:0:0:0:0:1],在[2021-08-25 12:31:27],访问了[com.songpeng.community.service.LikeService.findEntityLikeCount].
2021-08-25 12:31:27,217 INFO [http-nio-8080-exec-1] c.s.c.a.ServiceLogAspect [ServiceLogAspect.java:39] 用户[0:0:0:0:0:0:0:1],在[2021-08-25 12:31:27],访问了[com.songpeng.community.service.UserService.findUserById].
2021-08-25 12:31:27,219 INFO [http-nio-8080-exec-1] c.s.c.a.ServiceLogAspect [ServiceLogAspect.java:39] 用户[0:0:0:0:0:0:0:1],在[2021-08-25 12:31:27],访问了[com.songpeng.community.service.LikeService.findEntityLikeCount].
2021-08-25 12:31:31,146 INFO [http-nio-8080-exec-7] c.s.c.a.ServiceLogAspect [ServiceLogAspect.java:39] 用户[0:0:0:0:0:0:0:1],在[2021-08-25 12:31:31],访问了[com.songpeng.community.service.UserService.findLoginTicket].
2021-08-25 12:31:31,151 INFO [http-nio-8080-exec-7] c.s.c.a.ServiceLogAspect [ServiceLogAspect.java:39] 用户[0:0:0:0:0:0:0:1],在[2021-08-25 12:31:31],访问了[com.songpeng.community.service.UserService.findUserById].
2021-08-25 12:31:31,159 INFO [http-nio-8080-exec-7] c.s.c.a.ServiceLogAspect [ServiceLogAspect.java:39] 用户[0:0:0:0:0:0:0:1],在[2021-08-25 12:31:31],访问了[com.songpeng.community.service.UserService.logout].
2021-08-25 12:31:31,185 INFO [http-nio-8080-exec-8] c.s.c.a.ServiceLogAspect [ServiceLogAspect.java:39] 用户[0:0:0:0:0:0:0:1],在[2021-08-25 12:31:31],访问了[com.songpeng.community.service.UserService.findLoginTicket].
2021-08-25 12:31:31,240 INFO [http-nio-8080-exec-9] c.s.c.a.ServiceLogAspect [ServiceLogAspect.java:39] 用户[0:0:0:0:0:0:0:1],在[2021-08-25 12:31:31],访问了[com.songpeng.community.service.UserService.findLoginTicket].
2021-08-25 12:31:44,737 INFO [http-nio-8080-exec-10] c.s.c.a.ServiceLogAspect [ServiceLogAspect.java:39] 用户[0:0:0:0:0:0:0:1],在[2021-08-25 12:31:44],访问了[com.songpeng.community.service.UserService.findLoginTicket].
2021-08-25 12:31:44,775 INFO [http-nio-8080-exec-10] c.s.c.a.ServiceLogAspect [ServiceLogAspect.java:39] 用户[0:0:0:0:0:0:0:1],在[2021-08-25 12:31:44],访问了[com.songpeng.community.service.UserService.login].
2021-08-25 12:31:44,795 INFO [http-nio-8080-exec-1] c.s.c.a.ServiceLogAspect [ServiceLogAspect.java:39] 用户[0:0:0:0:0:0:0:1],在[2021-08-25 12:31:44],访问了[com.songpeng.community.service.UserService.findLoginTicket].
2021-08-25 12:31:44,797 INFO [http-nio-8080-exec-1] c.s.c.a.ServiceLogAspect [ServiceLogAspect.java:39] 用户[0:0:0:0:0:0:0:1],在[2021-08-25 12:31:44],访问了[com.songpeng.community.service.UserService.findUserById].
2021-08-25 12:31:44,799 INFO [http-nio-8080-exec-1] c.s.c.a.ServiceLogAspect [ServiceLogAspect.java:39] 用户[0:0:0:0:0:0:0:1],在[2021-08-25 12:31:44],访问了[com.songpeng.community.service.DiscussPostService.findDiscussPostRows].
2021-08-25 12:31:44,800 INFO [http-nio-8080-exec-1] c.s.c.a.ServiceLogAspect [ServiceLogAspect.java:39] 用户[0:0:0:0:0:0:0:1],在[2021-08-25 12:31:44],访问了[com.songpeng.community.service.DiscussPostService.findDiscussPosts].
2021-08-25 12:31:44,804 INFO [http-nio-8080-exec-1] c.s.c.a.ServiceLogAspect [ServiceLogAspect.java:39] 用户[0:0:0:0:0:0:0:1],在[2021-08-25 12:31:44],访问了[com.songpeng.community.service.UserService.findUserById].
2021-08-25 12:31:44,806 INFO [http-nio-8080-exec-1] c.s.c.a.ServiceLogAspect [ServiceLogAspect.java:39] 用户[0:0:0:0:0:0:0:1],在[2021-08-25 12:31:44],访问了[com.songpeng.community.service.LikeService.findEntityLikeCount].
2021-08-25 12:31:44,807 INFO [http-nio-8080-exec-1] c.s.c.a.ServiceLogAspect [ServiceLogAspect.java:39] 用户[0:0:0:0:0:0:0:1],在[2021-08-25 12:31:44],访问了[com.songpeng.community.service.UserService.findUserById].
2021-08-25 12:31:44,809 INFO [http-nio-8080-exec-1] c.s.c.a.ServiceLogAspect [ServiceLogAspect.java:39] 用户[0:0:0:0:0:0:0:1],在[2021-08-25 12:31:44],访问了[com.songpeng.community.service.LikeService.findEntityLikeCount].
2021-08-25 12:31:44,810 INFO [http-nio-8080-exec-1] c.s.c.a.ServiceLogAspect [ServiceLogAspect.java:39] 用户[0:0:0:0:0:0:0:1],在[2021-08-25 12:31:44],访问了[com.songpeng.community.service.UserService.findUserById].
2021-08-25 12:31:44,812 INFO [http-nio-8080-exec-1] c.s.c.a.ServiceLogAspect [ServiceLogAspect.java:39] 用户[0:0:0:0:0:0:0:1],在[2021-08-25 12:31:44],访问了[com.songpeng.community.service.LikeService.findEntityLikeCount].
2021-08-25 12:31:44,813 INFO [http-nio-8080-exec-1] c.s.c.a.ServiceLogAspect [ServiceLogAspect.java:39] 用户[0:0:0:0:0:0:0:1],在[2021-08-25 12:31:44],访问了[com.songpeng.community.service.UserService.findUserById].
2021-08-25 12:31:44,814 INFO [http-nio-8080-exec-1] c.s.c.a.ServiceLogAspect [ServiceLogAspect.java:39] 用户[0:0:0:0:0:0:0:1],在[2021-08-25 12:31:44],访问了[com.songpeng.community.service.LikeService.findEntityLikeCount].
2021-08-25 12:31:44,815 INFO [http-nio-8080-exec-1] c.s.c.a.ServiceLogAspect [ServiceLogAspect.java:39] 用户[0:0:0:0:0:0:0:1],在[2021-08-25 12:31:44],访问了[com.songpeng.community.service.UserService.findUserById].
2021-08-25 12:31:44,816 INFO [http-nio-8080-exec-1] c.s.c.a.ServiceLogAspect [ServiceLogAspect.java:39] 用户[0:0:0:0:0:0:0:1],在[2021-08-25 12:31:44],访问了[com.songpeng.community.service.LikeService.findEntityLikeCount].
2021-08-25 12:31:44,818 INFO [http-nio-8080-exec-1] c.s.c.a.ServiceLogAspect [ServiceLogAspect.java:39] 用户[0:0:0:0:0:0:0:1],在[2021-08-25 12:31:44],访问了[com.songpeng.community.service.UserService.findUserById].
2021-08-25 12:31:44,819 INFO [http-nio-8080-exec-1] c.s.c.a.ServiceLogAspect [ServiceLogAspect.java:39] 用户[0:0:0:0:0:0:0:1],在[2021-08-25 12:31:44],访问了[com.songpeng.community.service.LikeService.findEntityLikeCount].
2021-08-25 12:31:44,820 INFO [http-nio-8080-exec-1] c.s.c.a.ServiceLogAspect [ServiceLogAspect.java:39] 用户[0:0:0:0:0:0:0:1],在[2021-08-25 12:31:44],访问了[com.songpeng.community.service.UserService.findUserById].
2021-08-25 12:31:44,822 INFO [http-nio-8080-exec-1] c.s.c.a.ServiceLogAspect [ServiceLogAspect.java:39] 用户[0:0:0:0:0:0:0:1],在[2021-08-25 12:31:44],访问了[com.songpeng.community.service.LikeService.findEntityLikeCount].
2021-08-25 12:31:44,822 INFO [http-nio-8080-exec-1] c.s.c.a.ServiceLogAspect [ServiceLogAspect.java:39] 用户[0:0:0:0:0:0:0:1],在[2021-08-25 12:31:44],访问了[com.songpeng.community.service.UserService.findUserById].
2021-08-25 12:31:44,824 INFO [http-nio-8080-exec-1] c.s.c.a.ServiceLogAspect [ServiceLogAspect.java:39] 用户[0:0:0:0:0:0:0:1],在[2021-08-25 12:31:44],访问了[com.songpeng.community.service.LikeService.findEntityLikeCount].
2021-08-25 12:31:44,825 INFO [http-nio-8080-exec-1] c.s.c.a.ServiceLogAspect [ServiceLogAspect.java:39] 用户[0:0:0:0:0:0:0:1],在[2021-08-25 12:31:44],访问了[com.songpeng.community.service.UserService.findUserById].
2021-08-25 12:31:44,826 INFO [http-nio-8080-exec-1] c.s.c.a.ServiceLogAspect [ServiceLogAspect.java:39] 用户[0:0:0:0:0:0:0:1],在[2021-08-25 12:31:44],访问了[com.songpeng.community.service.LikeService.findEntityLikeCount].
2021-08-25 12:31:44,827 INFO [http-nio-8080-exec-1] c.s.c.a.ServiceLogAspect [ServiceLogAspect.java:39] 用户[0:0:0:0:0:0:0:1],在[2021-08-25 12:31:44],访问了[com.songpeng.community.service.UserService.findUserById].
2021-08-25 12:31:44,828 INFO [http-nio-8080-exec-1] c.s.c.a.ServiceLogAspect [ServiceLogAspect.java:39] 用户[0:0:0:0:0:0:0:1],在[2021-08-25 12:31:44],访问了[com.songpeng.community.service.LikeService.findEntityLikeCount].
2021-08-25 12:31:56,086 INFO [SpringApplicationShutdownHook] c.z.h.HikariDataSource [HikariDataSource.java:350] HikariPool-1 - Shutdown initiated...
2021-08-25 12:31:56,086 INFO [SpringApplicationShutdownHook] c.z.h.HikariDataSource [HikariDataSource.java:352] HikariPool-1 - Shutdown completed.
